<?xml version="1.0" encoding="UTF-8"?>
<!-- Generated by org.testng.reporters.JUnitXMLReporter -->
<testsuite ignored="0" hostname="SD-LP-W10-3058" failures="0" tests="3" name="Default test" time="5.817" errors="0" timestamp="2022-04-19T22:11:12 IDT">
  <testcase classname="UserAPITests" name="Create_User" time="2.951"/>
  <testcase classname="UserAPITests" name="Get_Data_For_Non_Existing_User" time="1.497"/>
  <testcase classname="UserAPITests" name="Get_Data_For_User_By_ID" time="0.333"/>
</testsuite> <!-- Default test -->
